<?xml version="1.0" encoding="UTF-8"?>
<testsuite xmlns:xsi="http://www.w3.org/2001/XMLSchema-instance" xsi:noNamespaceSchemaLocation="https://maven.apache.org/surefire/maven-surefire-plugin/xsd/surefire-test-report.xsd" version="3.0.2" name="com.moneymanager.MoneyManagerApplicationTests" time="28.499" tests="1" errors="0" skipped="0" failures="0" flakes="0">
  <properties>
[...]
</properties>
  <testcase name="contextLoads" classname="com.moneymanager.MoneyManagerApplicationTests" time="1.742">
    <system-out><![CDATA[22:14:54.928 [main] INFO org.springframework.test.context.support.AnnotationConfigContextLoaderUtils -- Could not detect default configuration classes for test class [com.moneymanager.MoneyManagerApplicationTests]: MoneyManagerApplicationTests does not declare any static, non-private, non-final, nested classes annotated with @Configuration.
22:14:55.157 [main] INFO org.springframework.boot.test.context.SpringBootTestContextBootstrapper -- Found @SpringBootConfiguration com.moneymanager.MoneyManagerApplication for test class com.moneymanager.MoneyManagerApplicationTests
22:14:55.410 [main] INFO org.springframework.test.context.support.AnnotationConfigContextLoaderUtils -- Could not detect default configuration classes for test class [com.moneymanager.MoneyManagerApplicationTests]: MoneyManagerApplicationTests does not declare any static, non-private, non-final, nested classes annotated with @Configuration.
22:14:55.413 [main] INFO org.springframework.boot.test.context.SpringBootTestContextBootstrapper -- Found @SpringBootConfiguration com.moneymanager.MoneyManagerApplication for test class com.moneymanager.MoneyManagerApplicationTests
22:14:55.663 [main] INFO org.springframework.boot.devtools.restart.RestartApplicationListener -- Restart disabled due to context in which it is running

  .   ____          _            __ _ _
 /\\ / ___'_ __ _ _(_)_ __  __ _ \ \ \ \
( ( )\___ | '_ | '_| | '_ \/ _` | \ \ \ \
 \\/  ___)| |_)| | | | | || (_| |  ) ) ) )
  '  |____| .__|_| |_|_| |_\__, | / / / /
 =========|_|==============|___/=/_/_/_/

 :: Spring Boot ::                (v4.1.1)

2026-08-27T22:14:56.586+05:30  INFO 14684 --- [money-manager] [           main] c.m.MoneyManagerApplicationTests         : Starting MoneyManagerApplicationTests using Java 17.0.12 with PID 14684 (started by srina in D:\money-manager)
2026-08-27T22:14:56.590+05:30  INFO 14684 --- [money-manager] [           main] c.m.MoneyManagerApplicationTests         : The following 1 profile is active: "prod"
2026-08-27T22:15:01.061+05:30  INFO 14684 --- [money-manager] [           main] .s.d.r.c.RepositoryConfigurationDelegate : Bootstrapping Spring Data JPA repositories in DEFAULT mode.
2026-08-27T22:15:01.401+05:30  INFO 14684 --- [money-manager] [           main] .s.d.r.c.RepositoryConfigurationDelegate : Finished Spring Data repository scanning in 266 ms. Found 4 JPA repository interfaces.
2026-08-27T22:15:04.904+05:30  INFO 14684 --- [money-manager] [           main] org.hibernate.orm.jpa                    : HHH008540: Processing PersistenceUnitInfo [name: default]
2026-08-27T22:15:05.348+05:30  INFO 14684 --- [money-manager] [           main] org.hibernate.orm.core                   : HHH000001: Hibernate ORM core version 7.4.5.Final
2026-08-27T22:15:07.342+05:30  INFO 14684 --- [money-manager] [           main] o.s.o.j.p.SpringPersistenceUnitInfo      : No LoadTimeWeaver setup: ignoring JPA class transformer
2026-08-27T22:15:07.490+05:30  INFO 14684 --- [money-manager] [           main] com.zaxxer.hikari.HikariDataSource       : HikariPool-1 - Starting...
2026-08-27T22:15:09.763+05:30  INFO 14684 --- [money-manager] [           main] com.zaxxer.hikari.pool.HikariPool        : HikariPool-1 - Added connection org.postgresql.jdbc.PgConnection@5718e77c
2026-08-27T22:15:09.772+05:30  INFO 14684 --- [money-manager] [           main] com.zaxxer.hikari.HikariDataSource       : HikariPool-1 - Start completed.
2026-08-27T22:15:10.363+05:30  INFO 14684 --- [money-manager] [           main] org.hibernate.orm.connections.pooling    : HHH10001005: Database info:
	Database JDBC URL [jdbc:postgresql://dpg-da862g0n74is739ktau0-a.singapore-postgres.render.com/moneymanager_srinadh]
	Database driver: PostgreSQL JDBC Driver
	Database dialect: PostgreSQLDialect
	Database version: 18.6
	Default catalog/schema: moneymanager_srinadh/public
	Autocommit mode: undefined/unknown
	Isolation level: READ_COMMITTED [default READ_COMMITTED]
	JDBC fetch size: none
	Pool: DataSourceConnectionProvider
	Minimum pool size: undefined/unknown
	Maximum pool size: undefined/unknown
2026-08-27T22:15:13.264+05:30  INFO 14684 --- [money-manager] [           main] org.hibernate.orm.core                   : HHH000489: No JTA platform available (set 'hibernate.transaction.jta.platform' to enable JTA platform integration)
2026-08-27T22:15:14.032+05:30  INFO 14684 --- [money-manager] [           main] j.LocalContainerEntityManagerFactoryBean : Initialized JPA EntityManagerFactory for persistence unit 'default'
2026-08-27T22:15:14.261+05:30  INFO 14684 --- [money-manager] [           main] o.s.d.j.r.query.QueryEnhancerFactories   : Hibernate is in classpath; If applicable, HQL parser will be used.
2026-08-27T22:15:17.911+05:30  WARN 14684 --- [money-manager] [           main] JpaBaseConfiguration$JpaWebConfiguration : spring.jpa.open-in-view is enabled by default. Therefore, database queries may be performed during view rendering. Explicitly configure spring.jpa.open-in-view to disable this warning
2026-08-27T22:15:18.402+05:30  INFO 14684 --- [money-manager] [           main] r$InitializeUserDetailsManagerConfigurer : Global AuthenticationManager configured with UserDetailsService bean with name appUserDetailsService
2026-08-27T22:15:20.910+05:30  INFO 14684 --- [money-manager] [           main] c.m.MoneyManagerApplicationTests         : Started MoneyManagerApplicationTests in 25.291 seconds (process running for 28.886)
]]></system-out>
  </testcase>
</testsuite>